app/build/outputs/logs/manifest-merger-debug-report.txt
-- Merging decision tree log ---
manifest
ADDED from src/main/AndroidManifest.xml:17:1-42:12
	package
		ADDED from src/main/AndroidManifest.xml:19:5-41
		INJECTED from src/main/AndroidManifest.xml
		INJECTED from src/main/AndroidManifest.xml
	xmlns:tools
		ADDED from src/main/AndroidManifest.xml:18:5-51
	xmlns:android
		ADDED from src/main/AndroidManifest.xml:17:11-69
uses-permission#android.permission.INTERNET
ADDED from src/main/AndroidManifest.xml:21:5-66
	android:name
		ADDED from src/main/AndroidManifest.xml:21:22-64
uses-sdk
ADDED from src/main/AndroidManifest.xml:23:5-43
	android:targetSdkVersion
		INJECTED from src/main/AndroidManifest.xml
		INJECTED from src/main/AndroidManifest.xml
	android:minSdkVersion
		ADDED from src/main/AndroidManifest.xml:23:15-41
		INJECTED from src/main/AndroidManifest.xml
		INJECTED from src/main/AndroidManifest.xml
application
ADDED from src/main/AndroidManifest.xml:25:5-41:19
	android:label
		ADDED from src/main/AndroidManifest.xml:25:18-45
	tools:replace
		ADDED from src/main/AndroidManifest.xml:25:46-75
activity#com.example.android.toyvpn.ToyVpnClient
ADDED from src/main/AndroidManifest.xml:27:9-33:20
	android:configChanges
		ADDED from src/main/AndroidManifest.xml:28:17-67
	android:name
		ADDED from src/main/AndroidManifest.xml:27:19-47
intent-filter#android.intent.action.MAIN+android.intent.category.LAUNCHER
ADDED from src/main/AndroidManifest.xml:29:13-32:29
action#android.intent.action.MAIN
ADDED from src/main/AndroidManifest.xml:30:17-68
	android:name
		ADDED from src/main/AndroidManifest.xml:30:25-66
category#android.intent.category.LAUNCHER
ADDED from src/main/AndroidManifest.xml:31:17-76
	android:name
		ADDED from src/main/AndroidManifest.xml:31:27-74
service#com.example.android.toyvpn.ToyVpnService
ADDED from src/main/AndroidManifest.xml:35:9-40:19
	android:permission
		ADDED from src/main/AndroidManifest.xml:36:17-73
	android:name
		ADDED from src/main/AndroidManifest.xml:35:18-47
intent-filter#android.net.VpnService
ADDED from src/main/AndroidManifest.xml:37:13-39:29
action#android.net.VpnService
ADDED from src/main/AndroidManifest.xml:38:17-64
	android:name
		ADDED from src/main/AndroidManifest.xml:38:25-62